This is TeX, Version 3.14159 (preloaded format=latex 97.9.16)  26 OCT 2001 14:35
**&latex_ml D:/Mauro/tese/Oct10aaa.tex
(D:/Mauro/tese/Oct10aaa.tex
LaTeX2e <1997/06/01>
Babel <v3.6h> and hyphenation patterns for american, english, french, dutch, ge
rman, loaded.
(C:\SWP30\TCITeX\tex\LaTeX\styledit\sebase.cls
sebase.cls 29 Sep 1997
Base style for Style Editor v 2.52
NOTICE: This macro file is NOT proprietary and may be freely copied and distrib
uted.
(C:\SWP30\TCITeX\tex\LaTeX\packages\tools\theorem.sty
Package: theorem 1995/11/23 v2.2c Theorem extension package (FMi)
\theorem@style=\toks14
\theorem@bodyfont=\toks15
\theorempreskipamount=\skip41
\theorempostskipamount=\skip42

(C:\SWP30\TCITeX\tex\LaTeX\packages\tools\thp.sty
File: thp.sty 1995/11/23 v2.2c Theorem extension package (FMi)
))
(C:\SWP30\TCITeX\tex\LaTeX\packages\tools\multicol.sty
Package: multicol 1997/06/05 v1.5n multicolumn formatting (FMi)
\c@tracingmulticols=\count79
\mult@box=\box26
\multicol@leftmargin=\dimen102
\c@unbalance=\count80
\c@collectmore=\count81
\doublecol@number=\count82
\multicoltolerance=\count83
\multicolpretolerance=\count84
\full@width=\dimen103
\page@free=\dimen104
\premulticols=\dimen105
\postmulticols=\dimen106
\multicolsep=\skip43
\multicolbaselineskip=\skip44
\partial@page=\box27
\last@line=\box28
\mult@rightbox=\box29
\mult@grightbox=\box30
\mult@gfirstbox=\box31
\mult@firstbox=\box32
\@tempa=\box33
\@tempa=\box34
\@tempa=\box35
\@tempa=\box36
\@tempa=\box37
\@tempa=\box38
\@tempa=\box39
\@tempa=\box40
\@tempa=\box41
\@tempa=\box42
\@tempa=\box43
\@tempa=\box44
\@tempa=\box45
\@tempa=\box46
\@tempa=\box47
\@tempa=\box48
\@tempa=\box49
\c@columnbadness=\count85
\c@finalcolumnbadness=\count86
\last@try=\dimen107
\multicolovershoot=\dimen108
\multicolundershoot=\dimen109
\mult@nat@firstbox=\box50
)
(C:\SWP30\TCITeX\tex\LaTeX\TCImisc\crop.sty)
(C:\SWP30\TCITeX\tex\LaTeX\packages\amsfonts\amssymb.sty
Package: amssymb 1996/11/03 v2.2b

(C:\SWP30\TCITeX\tex\LaTeX\packages\amsfonts\amsfonts.sty
Package: amsfonts 1997/03/24 v2.2c
\@emptytoks=\toks16
\symAMSa=\mathgroup4
\symAMSb=\mathgroup5
LaTeX Font Info:    Overwriting math alphabet `\mathfrak' in version `bold'
(Font)                  U/euf/m/n --> U/euf/b/n on input line 133.
))
\@temptokenb=\toks17
\c@equationnumber=\count87
\NormalParIndent=\dimen110
\thepar=\toks18
\@tempcount=\count88
\trimmargin=\dimen111
\verttrimmargin=\dimen112
\c@Document=\count89
\CurrentMark=\toks19
\NewMark=\toks20
\PreviousPrimaryMark=\toks21
\MarkToks=\toks22
\OldOutput=\toks23

(C:\SWP30\TCITeX\tex\LaTeX\packages\tools\afterpage.sty
Package: afterpage 1995/10/27 v1.08 After-Page Package (DPC)
\AP@output=\toks24
\AP@partial=\box51
\AP@footins=\box52
)
\@GenTocEntryLevel=\count90
\c@Temp=\count91
\mathindent=\dimen113
\abovecaptionskip=\skip45
\belowcaptionskip=\skip46
\c@figure=\count92
\c@table=\count93
\c@LevelFiveDiv=\count94
\c@LevelFourDiv=\count95
\c@LevelOneDiv=\count96
\c@LevelThreeDiv=\count97
\c@LevelTwoDiv=\count98
) (.\tesepuc.sty
(C:\SWP30\TCITeX\tex\LaTeX\styledit\Times.tex
(C:\SWP30\TCITeX\tex\LaTeX\styledit\ARIAL.tex)
(C:\SWP30\TCITeX\tex\LaTeX\styledit\COUR.tex)
(C:\SWP30\TCITeX\tex\LaTeX\styledit\TIRM.tex))
\c@DedicatoriaCount=\count99
\c@IndexSectionCount=\count100
\c@ListOfFiguresSectionCount=\count101
\c@ListOfTablesSectionCount=\count102
\c@ObsoleteEqCount=\count103
\c@appendixCount=\count104
\c@bibitemCount=\count105
\c@bibliographyCount=\count106
\c@bibsectionCount=\count107
\c@chapterCount=\count108
\c@contentssectionCount=\count109
\c@descriptionAcount=\count110
\c@descriptionBcount=\count111
\c@descriptionCcount=\count112
\c@descriptionDcount=\count113
\c@enumerateAcount=\count114
\c@enumerateBcount=\count115
\c@enumerateCcount=\count116
\c@enumerateDcount=\count117
\c@itemizeAcount=\count118
\c@itemizeBcount=\count119
\c@itemizeCcount=\count120
\c@itemizeDcount=\count121
\c@paragraphCount=\count122
\c@sectionCount=\count123
\c@subparagraphCount=\count124
\c@subsectionCount=\count125
\c@subsubsectionCount=\count126
\c@subsubsubsectionCount=\count127
\argbox=\box53
\c@example=\count128
\c@remark=\count129
\c@theorem=\count130
)
(C:\SWP30\TCITeX\tex\LaTeX\tci\tcilatex.tex
TCILATEX Macros for Scientific Word 3.0 <19 May 1997>.
NOTICE: This macro file is NOT proprietary and may be freely copied and distrib
uted.
\@hour=\count131
\@minute=\count132
\GRAPHICSTYPE=\count133
\draft=\count134
\dispkind=\count135
\theight=\dimen114
LaTeX Info: Redefining \it on input line 549.
\c@axiom=\count136
\c@exercise=\count137
\c@definition=\count138
\intno@=\count139
\ex@=\dimen115
) (.\Oct10aaa.aux

LaTeX Warning: Label `' multiply defined.


LaTeX Warning: Label `' multiply defined.


LaTeX Warning: Label `' multiply defined.


LaTeX Warning: Label `' multiply defined.


LaTeX Warning: Label `' multiply defined.


LaTeX Warning: Label `' multiply defined.


LaTeX Warning: Label `' multiply defined.


LaTeX Warning: Label `' multiply defined.

)
LaTeX Font Info:    Checking defaults for OML/cmm/m/it on input line 18.
LaTeX Font Info:    ... okay on input line 18.
LaTeX Font Info:    Checking defaults for T1/cmr/m/n on input line 18.
LaTeX Font Info:    ... okay on input line 18.
LaTeX Font Info:    Checking defaults for OT1/cmr/m/n on input line 18.
LaTeX Font Info:    ... okay on input line 18.
LaTeX Font Info:    Checking defaults for OMS/cmsy/m/n on input line 18.
LaTeX Font Info:    ... okay on input line 18.
LaTeX Font Info:    Checking defaults for OMX/cmex/m/n on input line 18.
LaTeX Font Info:    ... okay on input line 18.
LaTeX Font Info:    Checking defaults for U/cmr/m/n on input line 18.
LaTeX Font Info:    ... okay on input line 18.
 (.\Oct10aaa.toc
Underfull \vbox (badness 10000) has occurred while \output is active []

 [1

])
\tf@toc=\write3

[2] (.\Oct10aaa.lof
Underfull \vbox (badness 10000) has occurred while \output is active []

 [3

]
LaTeX Font Info:    Try loading font information for U+msa on input line 44.

(C:\SWP30\TCITeX\tex\LaTeX\packages\amsfonts\umsa.fd
File: umsa.fd 1995/01/05 v2.2e AMS font definitions
)
LaTeX Font Info:    Try loading font information for U+msb on input line 44.

(C:\SWP30\TCITeX\tex\LaTeX\packages\amsfonts\umsb.fd
File: umsb.fd 1995/01/05 v2.2e AMS font definitions
))
\tf@lof=\write4
 [4]
Underfull \hbox (badness 10000) in paragraph at lines 44--44
[][]   [] \T1/Serif/bold/upright/20 Cap^^ed-tulo 1
 []


Overfull \vbox (54.77682pt too high) has occurred while \output is active []


[1]
Underfull \hbox (badness 1019) in paragraph at lines 97--103
\T1/Serif/medium/upright/12 realizados concentrando-se exclusivamente nos benef
^^edcios alcan^^e7ados para as
 []


Underfull \hbox (badness 1092) in paragraph at lines 97--103
\T1/Serif/medium/upright/12 caracter^^edsticas de handling\T1/Serif/medium/upri
ght/10 [[]]\T1/Serif/medium/upright/12 . Mesmo tendo-se percebido uma consider^
^e1vel
 []


Underfull \hbox (badness 1406) in paragraph at lines 106--113
[]\T1/Serif/medium/upright/12 Nos ^^faltimos anos, com a libera^^e7^^e3o das im
porta^^e7^^f5es de autom^^f3veis, temos
 []


Underfull \hbox (badness 1231) in paragraph at lines 106--113
\T1/Serif/medium/upright/12 acompanhado uma substancial melhora tecnol^^f3gica 
e, conseq^^fcentemente, da
 []


Underfull \vbox (badness 10000) has occurred while \output is active []

 [2]
Underfull \hbox (badness 1248) in paragraph at lines 158--171
\T1/Serif/medium/upright/12 estabilizadora ^^e9 uma alternativa, tratando-se de
 suspens^^f5es ativas, de baixo
 []


Underfull \hbox (badness 1178) in paragraph at lines 158--171
\T1/Serif/medium/upright/12 (ve^^edculos com C.G. alto que necessitam minimizar
 os efeitos do rolamento
 []


Underfull \hbox (badness 1668) in paragraph at lines 158--171
\T1/Serif/medium/upright/12 da carro^^e7eria e que ao mesmo tempo sofrem com a 
alta rigidez de suas
 []


Underfull \vbox (badness 10000) has occurred while \output is active []

 [3]
[4]
Underfull \hbox (badness 10000) in paragraph at lines 174--174
[][]   [] \T1/Serif/bold/upright/20 Cap^^ed-tulo 2
 []


Underfull \hbox (badness 1515) in paragraph at lines 201--217
[]\T1/Serif/medium/upright/12 Dos in^^fameros sistemas de suspens^^e3o adotados
 ao longo da hist^^f3ria dos
 []


Underfull \hbox (badness 1642) in paragraph at lines 201--217
\T1/Serif/medium/upright/12 autom^^f3veis, a combina^^e7^^e3o da suspens^^e3o d
ianteira MacPherson e a traseira
 []

[5] [6]

LaTeX Warning: `h' float specifier changed to `ht'.


Underfull \hbox (badness 1215) in paragraph at lines 281--290
[]\T1/Serif/medium/upright/12 Dentre as vantagens atribuidas ao sistema MacPher
son, talvez o fato de
 []


Underfull \vbox (badness 10000) has occurred while \output is active []

 [7]
[8] [9]
Underfull \hbox (badness 1033) in paragraph at lines 360--366
\T1/Serif/medium/upright/12 montadoras, molas que possuem uma leve curvatura no
 seu eixo de a^^e7^^e3o[],
 []


LaTeX Warning: `h' float specifier changed to `ht'.

[10]
Underfull \vbox (badness 10000) has occurred while \output is active []

 [11]
Underfull \hbox (badness 1968) in paragraph at lines 430--439
[]\T1/Serif/medium/upright/12 A posi^^e7^^e3o das buchas e das molas em rela^^e
7^^e3o ao centro das rodas ^^e9
 []


Underfull \hbox (badness 2443) in paragraph at lines 430--439
\T1/Serif/medium/upright/12 de grande influ^^eancia na efici^^eancia estrutural
 do conjunto. A localiza^^e7^^e3o
 []


Underfull \vbox (badness 10000) has occurred while \output is active []

 [12]

LaTeX Warning: `h' float specifier changed to `ht'.


Underfull \vbox (badness 3428) has occurred while \output is active []

 [13]

LaTeX Warning: `h' float specifier changed to `ht'.


Underfull \vbox (badness 3118) has occurred while \output is active []

 [14]
Underfull \vbox (badness 10000) has occurred while \output is active []

 [15]
Underfull \hbox (badness 1286) in paragraph at lines 556--563
[]\T1/Serif/medium/upright/12 As molas a ar e a g^^e1s s^^e3o bastante utilizad
as em ^^f4nibus e caminh^^f5es,
 []


Underfull \vbox (badness 10000) has occurred while \output is active []

 [16]
Underfull \hbox (badness 1735) in paragraph at lines 582--590
[]\T1/Serif/medium/upright/12 As barras de tor^^e7^^e3o consistem basicamente e
m uma barra de a^^e7o reta,
 []


Underfull \vbox (badness 10000) has occurred while \output is active []

 [17]
[18]

LaTeX Warning: `h' float specifier changed to `ht'.


Underfull \vbox (badness 10000) has occurred while \output is active []

 [19]
Underfull \vbox (badness 10000) has occurred while \output is active []

 [20]

LaTeX Warning: `h' float specifier changed to `ht'.


Underfull \vbox (badness 10000) has occurred while \output is active []

 [21]

LaTeX Warning: `h' float specifier changed to `ht'.


Underfull \vbox (badness 10000) has occurred while \output is active []

 [22]
Underfull \vbox (badness 10000) has occurred while \output is active []

 [23]
Underfull \vbox (badness 2189) has occurred while \output is active []

 [24]
Underfull \hbox (badness 1910) in paragraph at lines 836--847
[]\T1/Serif/medium/upright/12 A forma de fixa^^e7^^e3o da barra estabilizadora 
aos bra^^e7os da suspens^^e3o ^^e9
 []


Underfull \hbox (badness 1189) in paragraph at lines 836--847
\T1/Serif/medium/upright/12 determinante para um bom projeto de instala^^e7^^e3
o da barra. A fixa^^e7^^e3o das
 []


Underfull \hbox (badness 1242) in paragraph at lines 836--847
\T1/Serif/medium/upright/12 extremidades da barra estabilizadora diretamente so
bre os bra^^e7os oscilantes,
 []


LaTeX Warning: `h' float specifier changed to `ht'.

[25] [26]
Underfull \hbox (badness 10000) in paragraph at lines 879--879
[][]   [] \T1/Serif/bold/upright/20 Cap^^ed-tulo 3
 []


Underfull \hbox (badness 3792) in paragraph at lines 883--892
\T1/Serif/medium/upright/12 induzidas pelas irregularidades da pista, pelas mas
sas rotativas (conjunto
 []


Underfull \vbox (badness 10000) has occurred while \output is active []

 [27]
Underfull \vbox (badness 10000) has occurred while \output is active []

 [28]
Underfull \hbox (badness 1331) in paragraph at lines 988--993
[]\T1/Serif/medium/upright/12 As causas da n^^e3o uniformidade dos pneus s^^e3o
 resultado da sua pr^^f3pria
 []

[29] [30]
Underfull \hbox (badness 1173) in paragraph at lines 1035--1044
[]\T1/Serif/medium/upright/12 Os desvios dimensionais existentes na fabrica^^e7
^^e3o das rodas e pneus n^^e3o
 []


Underfull \hbox (badness 1033) in paragraph at lines 1035--1044
\T1/Serif/medium/upright/12 interface pneu/pista. As altas freq^^fc^^eancias s^
^e3o filtradas primeiramente pelos
 []


Underfull \vbox (badness 10000) has occurred while \output is active []

 [31]
Underfull \vbox (badness 10000) has occurred while \output is active []

 [32]
Underfull \hbox (badness 4254) in paragraph at lines 1115--1117
[]\T1/Serif/medium/upright/12 -O eixo, por ser um componente el^^e1stico, pode 
defletir e causar o
 []


Underfull \vbox (badness 10000) has occurred while \output is active []

 [33]

LaTeX Warning: `h' float specifier changed to `ht'.


Underfull \vbox (badness 10000) has occurred while \output is active []

 [34]
Underfull \vbox (badness 10000) has occurred while \output is active []

 [35]
Underfull \hbox (badness 2662) in paragraph at lines 1226--1232
[]\T1/Serif/bold/upright/12 Longas ondula^^e7^^f5es\T1/Serif/medium/upright/12 
: Varia^^e7^^f5es de altura do perfil da estrada onde o
 []


Underfull \vbox (badness 10000) has occurred while \output is active []

 [36]
Underfull \hbox (badness 1205) in paragraph at lines 1239--1244
[]\T1/Serif/bold/upright/12 Descontinuidades\T1/Serif/medium/upright/12 : Varia
^^e7^^f5es cont^^ednuas do perfil da pista em dimens^^f5es
 []

[37]
Underfull \hbox (badness 1009) in paragraph at lines 1298--1306
\T1/Serif/medium/upright/12 que diminui com a freq^^fc^^eancia na segunda ou qu
arta ordem. Os modelos,
 []


Underfull \vbox (badness 1430) has occurred while \output is active []

 [38]
Underfull \vbox (badness 10000) has occurred while \output is active []

 [39]
Underfull \vbox (badness 10000) has occurred while \output is active []

 [40]
Overfull \hbox (4.0828pt too wide) in paragraph at lines 1430--1430
 [] 
 []

[41] [42]
Underfull \vbox (badness 10000) has occurred while \output is active []

 [43]
Underfull \vbox (badness 10000) has occurred while \output is active []

 [44]
Underfull \vbox (badness 1253) has occurred while \output is active []

 [45]
Underfull \vbox (badness 10000) has occurred while \output is active []

 [46]
Overfull \hbox (51.70567pt too wide) in alignment at lines 1586--1591
 [][][] []
 []


Overfull \hbox (63.79868pt too wide) in alignment at lines 1595--1600
 [][][] []
 []


Overfull \hbox (175.67474pt too wide) detected at line 1642
[] [] \OML/cmm/m/it/12 : [] \OT1/cmr/m/n/12 + [] \OML/cmm/m/it/12 : [] \OT1/cmr
/m/n/12 + [] \OML/cmm/m/it/12 : [] \OT1/cmr/m/n/12 = [][]
 []

[47]
Underfull \vbox (badness 10000) has occurred while \output is active []

 [48]
Underfull \vbox (badness 10000) has occurred while \output is active []

 [49]

LaTeX Warning: `h' float specifier changed to `ht'.


Underfull \vbox (badness 10000) has occurred while \output is active []

 [50]
Underfull \vbox (badness 6016) has occurred while \output is active []

 [51]

LaTeX Warning: `h' float specifier changed to `ht'.


Underfull \hbox (badness 1946) in paragraph at lines 1848--1856
[]\T1/Serif/medium/upright/12 O gr^^e1fico \T1/Serif/medium/upright/10 3.24[]\T
1/Serif/medium/upright/12 , a seguir, apresenta o ganho da carroceria, em termo
s de
 []


Underfull \vbox (badness 1253) has occurred while \output is active []

 [52]

LaTeX Warning: `h' float specifier changed to `ht'.


Underfull \vbox (badness 10000) has occurred while \output is active []

 [53]
Underfull \vbox (badness 10000) has occurred while \output is active []

 [54]
Underfull \vbox (badness 1424) has occurred while \output is active []

 [55]
Underfull \hbox (badness 1087) in paragraph at lines 1972--1972
[]   [] \T1/Serif/medium/upright/10 3.25-Influ^^eancia da rigidez da suspens^^e
3o na resposta da carroceira as acelera^^e7^^f5es devido as
 []


LaTeX Warning: `h' float specifier changed to `ht'.


Underfull \vbox (badness 10000) has occurred while \output is active []

 [56]
Underfull \vbox (badness 10000) has occurred while \output is active []

 [57]
[58]
Underfull \vbox (badness 10000) has occurred while \output is active []

 [59]
[60]
Overfull \hbox (3.0497pt too wide) detected at line 2177
\OT1/cmr/m/n/12 + [] \OML/cmm/m/it/12 : [] \OT1/cmr/m/n/12 =
 []


Overfull \hbox (236.18651pt too wide) detected at line 2230
[] [] \OML/cmm/m/it/12 : [] \OT1/cmr/m/n/12 + [] \OML/cmm/m/it/12 : [] \OT1/cmr
/m/n/12 + [] \OML/cmm/m/it/12 : [] \OT1/cmr/m/n/12 = []
 []

[61]

LaTeX Warning: Reference `12veiculo01' on page 62 undefined on input line 2247.



Overfull \hbox (21.72574pt too wide) in alignment at lines 2289--2300
 [][][] []
 []


Underfull \vbox (badness 2351) has occurred while \output is active []

 [62]
[63]

LaTeX Warning: `h' float specifier changed to `ht'.


Underfull \vbox (badness 1337) has occurred while \output is active []

 [64]

LaTeX Warning: Reference `12veiculo01' on page 65 undefined on input line 2409.



Underfull \vbox (badness 10000) has occurred while \output is active []

 [65]
Underfull \hbox (badness 1484) in paragraph at lines 2415--2426
\T1/Serif/medium/upright/12 que se op^^f5em aos movimentos de ''pitch'' esse mo
do pode ser controlado
 []


Underfull \vbox (badness 10000) has occurred while \output is active []

 [66]
Underfull \vbox (badness 10000) has occurred while \output is active []

 [67]
Underfull \vbox (badness 10000) has occurred while \output is active []

 [68]
Underfull \vbox (badness 10000) has occurred while \output is active []

 [69]
Underfull \vbox (badness 10000) has occurred while \output is active []

 [70]
[71] [72]
Underfull \hbox (badness 10000) in paragraph at lines 2604--2604
[][]   [] \T1/Serif/bold/upright/20 Cap^^ed-tulo 4
 []


LaTeX Font Warning: Font shape `T1/Serif/medium/upright' in size <6> not availa
ble
(Font)              size <5> substituted on input line 2609.


Underfull \hbox (badness 1953) in paragraph at lines 2608--2613
\T1/Serif/medium/upright/12 vers^^e3o10.0 , \T1/Serif/medium/italic/12 Automati
c Dynamic Analysis of Mechanical Systems\T1/Serif/medium/upright/12 , que foi
 []


Underfull \hbox (badness 6961) in paragraph at lines 2618--2620
[]\T1/Serif/medium/upright/12 O ADAMS$[]$ possui dois m^^f3dulos b^^e1sicos, o 
ADAMS/Solver e o
 []


Underfull \hbox (badness 3148) in paragraph at lines 2636--2643
\T1/Serif/medium/upright/12 que atuam restringindo determinados graus de liberd
ades e n^^e3o possuem
 []


Underfull \vbox (badness 10000) has occurred while \output is active []

 [73]
Underfull \vbox (badness 10000) has occurred while \output is active []

 [74]
Underfull \hbox (badness 1048) in paragraph at lines 2701--2704
[]\T1/Serif/medium/upright/12 Para a realiza^^e7^^e3o deste trabalho foi elabor
ado um modelo completo de um
 []


Underfull \vbox (badness 10000) has occurred while \output is active []

 [75]

LaTeX Warning: `h' float specifier changed to `ht'.


LaTeX Warning: `h' float specifier changed to `ht'.


Underfull \vbox (badness 10000) has occurred while \output is active []

 [76]

LaTeX Warning: `h' float specifier changed to `ht'.


Underfull \hbox (badness 1033) in paragraph at lines 2802--2809
\T1/Serif/medium/upright/12 e velocidades entre as duas partes. O ADAMS/Solver 
calcula as for^^e7as e
 []


Underfull \hbox (badness 1648) in paragraph at lines 2802--2809
\T1/Serif/medium/upright/12 ou atrav^^e9s de curvas (''\T1/Serif/medium/italic/
12 splines\T1/Serif/medium/upright/12 '') que representem as rela^^e7^^f5es de 
rigidez e
 []

[77]
Underfull \vbox (badness 10000) has occurred while \output is active []

 [78]
Underfull \vbox (badness 10000) has occurred while \output is active []

 [79]
Underfull \vbox (badness 10000) has occurred while \output is active []

 [80]
Underfull \vbox (badness 10000) has occurred while \output is active []

 [81]
Underfull \hbox (badness 1418) in paragraph at lines 2899--2916
[]\T1/Serif/medium/upright/12 De forma semelhante ao mostrado nas figuras \T1/S
erif/medium/upright/10 2.1[]\T1/Serif/medium/upright/12 e \T1/Serif/medium/upri
ght/10 2.7[] \T1/Serif/medium/upright/12 na suspens^^e3o do
 []

[82]
Underfull \hbox (badness 1831) in paragraph at lines 2923--2930
[]\T1/Serif/medium/upright/12 O conjunto amortecedor/mola ^^e9 conectado ^^e0 c
arroceria utilizando-se um
 []


LaTeX Warning: `h' float specifier changed to `ht'.


Underfull \vbox (badness 10000) has occurred while \output is active []

 [83]
Underfull \hbox (badness 1342) in paragraph at lines 2963--2969
[]\T1/Serif/medium/upright/12 Na determina^^e7^^e3o de um elemento de viga util
izando o ADAMS/View ^^e9
 []


Underfull \vbox (badness 10000) has occurred while \output is active []

 [84]
Underfull \hbox (badness 1009) in paragraph at lines 2992--2998
[]\T1/Serif/medium/upright/12 A figura \T1/Serif/medium/upright/10 4.39[] \T1/S
erif/medium/upright/12 apresenta a representa^^e7^^e3o gr^^e1fica da metade do 
modelo da
 []


Underfull \hbox (badness 1286) in paragraph at lines 3005--3011
\T1/Serif/medium/upright/12 se por interm^^e9dio da sua liga^^e7^^e3o, atrav^^e
9s de uma bucha de borracha com
 []


Underfull \vbox (badness 10000) has occurred while \output is active []

 [85]

LaTeX Warning: `h' float specifier changed to `ht'.


Underfull \hbox (badness 1400) in paragraph at lines 3050--3056
[]\T1/Serif/medium/upright/12 A mola auxiliar, figura \T1/Serif/medium/upright/
10 4.39[]\T1/Serif/medium/upright/12 -5, e as caracteristicas de amortecimento 
do
 []


Underfull \vbox (badness 1424) has occurred while \output is active []

 [86]

LaTeX Warning: `h' float specifier changed to `ht'.


LaTeX Warning: `h' float specifier changed to `ht'.


LaTeX Warning: `h' float specifier changed to `ht'.


Underfull \vbox (badness 10000) has occurred while \output is active []

 [87]
Underfull \hbox (badness 1661) in paragraph at lines 3098--3107
\T1/Serif/medium/upright/12 defasados dos bra^^e7os oscilantes o sistema blolqu
eava-se. Para representar
 []


Underfull \hbox (badness 1337) in paragraph at lines 3098--3107
\T1/Serif/medium/upright/12 corretamente o funcionamento da suspens^^e3o foi ne
cess^^e1rio incluir mais um
 []

[88]
Underfull \vbox (badness 10000) has occurred while \output is active []

 [89]
Underfull \vbox (badness 5652) has occurred while \output is active []

 [90]
Overfull \hbox (123.40303pt too wide) detected at line 3289
[][][]
 []


Underfull \vbox (badness 10000) has occurred while \output is active []

 [91]
Underfull \hbox (badness 1033) in paragraph at lines 3306--3315
\T1/Serif/medium/upright/12 predeterminados de transla^^e7^^e3o ou rota^^e7^^e3
o. Para a simula^^e7^^e3o do autom^^f3vel
 []

[92]
Underfull \hbox (badness 10000) in paragraph at lines 3316--3316
[][]   [] \T1/Serif/bold/upright/20 Cap^^ed-tulo 5
 []


Underfull \vbox (badness 2644) has occurred while \output is active []

 [93]

LaTeX Warning: `h' float specifier changed to `ht'.


LaTeX Warning: `h' float specifier changed to `ht'.


LaTeX Warning: `h' float specifier changed to `ht'.


LaTeX Warning: Reference `Result:WHFOFemode' on page 94 undefined on input line
 3451.


Underfull \vbox (badness 10000) has occurred while \output is active []

 [94]
Underfull \vbox (badness 10000) has occurred while \output is active []

 [95]

LaTeX Warning: `h' float specifier changed to `ht'.

[96]
Underfull \hbox (badness 2245) in paragraph at lines 3500--3504
[]\T1/Serif/medium/upright/12 No gr^^e1fico da figura \T1/Serif/medium/upright/
10 5.48[] \T1/Serif/medium/upright/12 observa-se um comportamento semelhante ao

 []


LaTeX Warning: `h' float specifier changed to `ht'.


Underfull \vbox (badness 10000) has occurred while \output is active []

 [97]

LaTeX Warning: `h' float specifier changed to `ht'.


LaTeX Warning: `h' float specifier changed to `ht'.


Underfull \vbox (badness 10000) has occurred while \output is active []

 [98]
Underfull \vbox (badness 10000) has occurred while \output is active []

 [99]
Underfull \hbox (badness 1048) in paragraph at lines 3574--3580
\T1/Serif/medium/upright/12 estabilizadora, fazendo com que o curso do amortece
dor seja menor e que
 []


LaTeX Warning: `h' float specifier changed to `ht'.


LaTeX Warning: `h' float specifier changed to `ht'.


LaTeX Warning: `h' float specifier changed to `ht'.


LaTeX Warning: `h' float specifier changed to `ht'.


Underfull \hbox (badness 1033) in paragraph at lines 3611--3622
\T1/Serif/medium/upright/12 vibra^^e7^^f5es para a carroceria do ve^^edculo com
 o aumento da rigidez da barra
 []

[100]
Underfull \vbox (badness 10000) has occurred while \output is active []

 [101]
[102]

LaTeX Warning: Reference `Griffin' on page 103 undefined on input line 3671.


Underfull \vbox (badness 10000) has occurred while \output is active []

 [103]
Underfull \vbox (badness 10000) has occurred while \output is active []

 [104]

LaTeX Warning: `h' float specifier changed to `ht'.


LaTeX Warning: `h' float specifier changed to `ht'.

[105] [106]
Underfull \hbox (badness 10000) in paragraph at lines 3723--3723
[][]   [] \T1/Serif/bold/upright/20 Cap^^ed-tulo 6
 []


Underfull \vbox (badness 10000) has occurred while \output is active []

 [107]
Underfull \hbox (badness 1831) in paragraph at lines 3759--3765
[]\T1/Serif/medium/upright/12 O modelo desenvolvido neste trabalho ^^e9 o prime
iro modelo de ve^^edculo
 []


Underfull \vbox (badness 10000) has occurred while \output is active []

 [108]
Underfull \hbox (badness 1478) in paragraph at lines 3803--3808
[]\T1/Serif/medium/upright/12 Baseado nos resultados obtidos neste trabalho e n
a crescente busca dos
 []


Underfull \vbox (badness 10000) has occurred while \output is active []

 [109]
[110]
Underfull \vbox (badness 10000) has occurred while \output is active []

 [111]
Underfull \vbox (badness 10000) has occurred while \output is active []

 [112]
[113]
Underfull \vbox (badness 10000) has occurred while \output is active []

 [114

]
Underfull \vbox (badness 10000) has occurred while \output is active []

 [115]
Underfull \vbox (badness 10000) has occurred while \output is active []

 [116]
Underfull \vbox (badness 10000) has occurred while \output is active []

 [117]
Underfull \vbox (badness 10000) has occurred while \output is active []

 [118]
Underfull \vbox (badness 10000) has occurred while \output is active []

 [119]
Underfull \vbox (badness 10000) has occurred while \output is active []

 [120]
Underfull \vbox (badness 10000) has occurred while \output is active []

 [121]
Underfull \vbox (badness 10000) has occurred while \output is active []

 [122]
Underfull \vbox (badness 10000) has occurred while \output is active []

 [123]
[124]

LaTeX Warning: `h' float specifier changed to `ht'.


LaTeX Warning: `h' float specifier changed to `ht'.

[125

] [126] [127

]
Underfull \vbox (badness 10000) has occurred while \output is active []

 [128

]
Underfull \hbox (badness 10000) in paragraph at lines 4656--4657
[]\T1/Serif/medium/italic/12 3. o princ^^edpio de superposi^^e7^^e3o ^^e9 v^^e1
lido.
 []


Underfull \vbox (badness 10000) has occurred while \output is active []

 [129]
[130]
Underfull \vbox (badness 1472) has occurred while \output is active []

 [131]
[132] [133] [134] [135] (.\Oct10aaa.aux)

LaTeX Font Warning: Size substitutions with differences
(Font)              up to 1.0pt have occured.


LaTeX Warning: There were undefined references.


LaTeX Warning: There were multiply-defined labels.

 )
Here is how much of TeX's memory you used:
3381 strings out of 25902
37776 string characters out of 248789
123343 words of memory out of 262141
6259 multiletter control sequences out of 20000
33972 words of font info for 64 fonts, out of 300000 for 255
14 hyphenation exceptions out of 607
30i,18n,29p,641b,367s stack positions out of 300i,40n,60p,5000b,10000s

Output written on Oct10aaa.dvi (139 pages, 346960 bytes).
