This is TeX, Version 3.14159 (preloaded format=latex 97.9.16)  11 SEP 2001 10:42
**&latex_ml D:/Mauro/tese/Sep08.tex
(D:/Mauro/tese/Sep08.tex
LaTeX2e <1997/06/01>
Babel <v3.6h> and hyphenation patterns for american, english, french, dutch, ge
rman, loaded.
(C:\SWP30\TCITeX\tex\LaTeX\styledit\sebase.cls
sebase.cls 29 Sep 1997
Base style for Style Editor v 2.52
NOTICE: This macro file is NOT proprietary and may be freely copied and distrib
uted.
(C:\SWP30\TCITeX\tex\LaTeX\packages\tools\theorem.sty
Package: theorem 1995/11/23 v2.2c Theorem extension package (FMi)
\theorem@style=\toks14
\theorem@bodyfont=\toks15
\theorempreskipamount=\skip41
\theorempostskipamount=\skip42

(C:\SWP30\TCITeX\tex\LaTeX\packages\tools\thp.sty
File: thp.sty 1995/11/23 v2.2c Theorem extension package (FMi)
))
(C:\SWP30\TCITeX\tex\LaTeX\packages\tools\multicol.sty
Package: multicol 1997/06/05 v1.5n multicolumn formatting (FMi)
\c@tracingmulticols=\count79
\mult@box=\box26
\multicol@leftmargin=\dimen102
\c@unbalance=\count80
\c@collectmore=\count81
\doublecol@number=\count82
\multicoltolerance=\count83
\multicolpretolerance=\count84
\full@width=\dimen103
\page@free=\dimen104
\premulticols=\dimen105
\postmulticols=\dimen106
\multicolsep=\skip43
\multicolbaselineskip=\skip44
\partial@page=\box27
\last@line=\box28
\mult@rightbox=\box29
\mult@grightbox=\box30
\mult@gfirstbox=\box31
\mult@firstbox=\box32
\@tempa=\box33
\@tempa=\box34
\@tempa=\box35
\@tempa=\box36
\@tempa=\box37
\@tempa=\box38
\@tempa=\box39
\@tempa=\box40
\@tempa=\box41
\@tempa=\box42
\@tempa=\box43
\@tempa=\box44
\@tempa=\box45
\@tempa=\box46
\@tempa=\box47
\@tempa=\box48
\@tempa=\box49
\c@columnbadness=\count85
\c@finalcolumnbadness=\count86
\last@try=\dimen107
\multicolovershoot=\dimen108
\multicolundershoot=\dimen109
\mult@nat@firstbox=\box50
)
(C:\SWP30\TCITeX\tex\LaTeX\TCImisc\crop.sty)
(C:\SWP30\TCITeX\tex\LaTeX\packages\amsfonts\amssymb.sty
Package: amssymb 1996/11/03 v2.2b

(C:\SWP30\TCITeX\tex\LaTeX\packages\amsfonts\amsfonts.sty
Package: amsfonts 1997/03/24 v2.2c
\@emptytoks=\toks16
\symAMSa=\mathgroup4
\symAMSb=\mathgroup5
LaTeX Font Info:    Overwriting math alphabet `\mathfrak' in version `bold'
(Font)                  U/euf/m/n --> U/euf/b/n on input line 133.
))
\@temptokenb=\toks17
\c@equationnumber=\count87
\NormalParIndent=\dimen110
\thepar=\toks18
\@tempcount=\count88
\trimmargin=\dimen111
\verttrimmargin=\dimen112
\c@Document=\count89
\CurrentMark=\toks19
\NewMark=\toks20
\PreviousPrimaryMark=\toks21
\MarkToks=\toks22
\OldOutput=\toks23

(C:\SWP30\TCITeX\tex\LaTeX\packages\tools\afterpage.sty
Package: afterpage 1995/10/27 v1.08 After-Page Package (DPC)
\AP@output=\toks24
\AP@partial=\box51
\AP@footins=\box52
)
\@GenTocEntryLevel=\count90
\c@Temp=\count91
\mathindent=\dimen113
\abovecaptionskip=\skip45
\belowcaptionskip=\skip46
\c@figure=\count92
\c@table=\count93
\c@LevelFiveDiv=\count94
\c@LevelFourDiv=\count95
\c@LevelOneDiv=\count96
\c@LevelThreeDiv=\count97
\c@LevelTwoDiv=\count98
) (.\tesepuc.sty
(C:\SWP30\TCITeX\tex\LaTeX\styledit\Times.tex
(C:\SWP30\TCITeX\tex\LaTeX\styledit\ARIAL.tex)
(C:\SWP30\TCITeX\tex\LaTeX\styledit\COUR.tex)
(C:\SWP30\TCITeX\tex\LaTeX\styledit\TIRM.tex))
\c@DedicatoriaCount=\count99
\c@IndexSectionCount=\count100
\c@ListOfFiguresSectionCount=\count101
\c@ListOfTablesSectionCount=\count102
\c@ObsoleteEqCount=\count103
\c@appendixCount=\count104
\c@bibitemCount=\count105
\c@bibliographyCount=\count106
\c@bibsectionCount=\count107
\c@chapterCount=\count108
\c@contentssectionCount=\count109
\c@descriptionAcount=\count110
\c@descriptionBcount=\count111
\c@descriptionCcount=\count112
\c@descriptionDcount=\count113
\c@enumerateAcount=\count114
\c@enumerateBcount=\count115
\c@enumerateCcount=\count116
\c@enumerateDcount=\count117
\c@itemizeAcount=\count118
\c@itemizeBcount=\count119
\c@itemizeCcount=\count120
\c@itemizeDcount=\count121
\c@paragraphCount=\count122
\c@sectionCount=\count123
\c@subparagraphCount=\count124
\c@subsectionCount=\count125
\c@subsubsectionCount=\count126
\c@subsubsubsectionCount=\count127
\argbox=\box53
\c@example=\count128
\c@remark=\count129
\c@theorem=\count130
)
(C:\SWP30\TCITeX\tex\LaTeX\tci\tcilatex.tex
TCILATEX Macros for Scientific Word 3.0 <19 May 1997>.
NOTICE: This macro file is NOT proprietary and may be freely copied and distrib
uted.
\@hour=\count131
\@minute=\count132
\GRAPHICSTYPE=\count133
\draft=\count134
\dispkind=\count135
\theight=\dimen114
LaTeX Info: Redefining \it on input line 549.
\c@axiom=\count136
\c@exercise=\count137
\c@definition=\count138
\intno@=\count139
\ex@=\dimen115
) (.\Sep08.aux

LaTeX Warning: Label `' multiply defined.


LaTeX Warning: Label `' multiply defined.


LaTeX Warning: Label `' multiply defined.


LaTeX Warning: Label `' multiply defined.


LaTeX Warning: Label `' multiply defined.


LaTeX Warning: Label `' multiply defined.

)
LaTeX Font Info:    Checking defaults for OML/cmm/m/it on input line 17.
LaTeX Font Info:    ... okay on input line 17.
LaTeX Font Info:    Checking defaults for T1/cmr/m/n on input line 17.
LaTeX Font Info:    ... okay on input line 17.
LaTeX Font Info:    Checking defaults for OT1/cmr/m/n on input line 17.
LaTeX Font Info:    ... okay on input line 17.
LaTeX Font Info:    Checking defaults for OMS/cmsy/m/n on input line 17.
LaTeX Font Info:    ... okay on input line 17.
LaTeX Font Info:    Checking defaults for OMX/cmex/m/n on input line 17.
LaTeX Font Info:    ... okay on input line 17.
LaTeX Font Info:    Checking defaults for U/cmr/m/n on input line 17.
LaTeX Font Info:    ... okay on input line 17.
 [1

] [2

] [3

] (.\Sep08.toc
Underfull \vbox (badness 10000) has occurred while \output is active []

 [4])
\tf@toc=\write3

[5] [6]
Underfull \hbox (badness 10000) in paragraph at lines 131--131
[][]   [] \T1/Serif/bold/upright/20 Cap^^ed-tulo 1
 []


LaTeX Warning: Citation `teste01' on page 1 undefined on input line 153.


LaTeX Warning: Citation `teste03' on page 1 undefined on input line 178.


Overfull \vbox (54.77682pt too high) has occurred while \output is active []


[1]

LaTeX Warning: Citation `teste03' on page 2 undefined on input line 186.


Underfull \hbox (badness 1019) in paragraph at lines 184--190
\T1/Serif/medium/upright/12 realizados concentrando-se exclusivamente nos benef
^^edcios alcan^^e7ados para as
 []


Underfull \hbox (badness 1092) in paragraph at lines 184--190
\T1/Serif/medium/upright/12 caracter^^edsticas de handling\T1/Serif/medium/upri
ght/10 [[]]\T1/Serif/medium/upright/12 . Mesmo tendo-se percebido uma consider^
^e1vel
 []


Underfull \hbox (badness 1406) in paragraph at lines 193--200
[]\T1/Serif/medium/upright/12 Nos ^^faltimos anos, com a libera^^e7^^e3o das im
porta^^e7^^f5es de autom^^f3veis, temos
 []


Underfull \hbox (badness 1231) in paragraph at lines 193--200
\T1/Serif/medium/upright/12 acompanhado uma substancial melhora tecnol^^f3gica 
e, consequentemente, da
 []


Underfull \vbox (badness 10000) has occurred while \output is active []

 [2]

LaTeX Warning: Citation `teste05' on page 3 undefined on input line 234.


LaTeX Warning: Citation `teste03' on page 3 undefined on input line 248.


Underfull \hbox (badness 1248) in paragraph at lines 245--258
\T1/Serif/medium/upright/12 estabilizadora ^^e9 uma alternativa, tratando-se de
 suspens^^f5es ativas, de baixo
 []


Underfull \hbox (badness 1178) in paragraph at lines 245--258
\T1/Serif/medium/upright/12 (ve^^edculos com C.G. alto que necessitam minimizar
 os efeitos do rolamento
 []


Underfull \hbox (badness 1668) in paragraph at lines 245--258
\T1/Serif/medium/upright/12 da carro^^e7eria e que ao mesmo tempo sofrem com a 
alta rigidez de suas
 []


Underfull \vbox (badness 10000) has occurred while \output is active []

 [3]
[4]
Underfull \hbox (badness 10000) in paragraph at lines 261--261
[][]   [] \T1/Serif/bold/upright/20 Cap^^ed-tulo 2
 []


LaTeX Warning: `h' float specifier changed to `ht'.


Underfull \vbox (badness 10000) has occurred while \output is active []

 [5]
LaTeX Font Info:    Try loading font information for U+msa on input line 329.

(C:\SWP30\TCITeX\tex\LaTeX\packages\amsfonts\umsa.fd
File: umsa.fd 1995/01/05 v2.2e AMS font definitions
)
LaTeX Font Info:    Try loading font information for U+msb on input line 329.

(C:\SWP30\TCITeX\tex\LaTeX\packages\amsfonts\umsb.fd
File: umsb.fd 1995/01/05 v2.2e AMS font definitions
)
Underfull \vbox (badness 10000) has occurred while \output is active []

 [6]

LaTeX Warning: `h' float specifier changed to `ht'.

[7]
Underfull \vbox (badness 10000) has occurred while \output is active []

 [8]
[9] [10] [11]
Underfull \hbox (badness 1968) in paragraph at lines 535--544
[]\T1/Serif/medium/upright/12 A posi^^e7^^e3o das buchas e das molas em rela^^e
7^^e3o ao centro das rodas ^^e9
 []


Underfull \hbox (badness 2443) in paragraph at lines 535--544
\T1/Serif/medium/upright/12 de grande influ^^eancia na efici^^eancia estrutural
 do conjunto. A localiza^^e7^^e3o
 []


Underfull \vbox (badness 10000) has occurred while \output is active []

 [12]
Underfull \vbox (badness 3428) has occurred while \output is active []

 [13]
Underfull \vbox (badness 10000) has occurred while \output is active []

 [14]
Underfull \hbox (badness 10000) in paragraph at lines 629--629
[][]   [] \T1/Serif/bold/upright/20 Cap^^ed-tulo 3
 []


Underfull \hbox (badness 3792) in paragraph at lines 633--641
\T1/Serif/medium/upright/12 induzidas pelas irregularidades da pista, pelas mas
sas rotativas (conjunto
 []


Underfull \vbox (badness 10000) has occurred while \output is active []

 [15]
Underfull \vbox (badness 10000) has occurred while \output is active []

 [16]
Underfull \hbox (badness 1331) in paragraph at lines 737--742
[]\T1/Serif/medium/upright/12 As causas da n^^e3o uniformidade dos pneus s^^e3o
 resultado da sua pr^^f3pria
 []

[17] [18]
Underfull \hbox (badness 1173) in paragraph at lines 788--797
[]\T1/Serif/medium/upright/12 Os desvios dimensionais existentes na fabrica^^e7
^^e3o das rodas e pneus n^^e3o
 []


Underfull \vbox (badness 10000) has occurred while \output is active []

 [19]
[20]
Underfull \hbox (badness 4254) in paragraph at lines 868--870
[]\T1/Serif/medium/upright/12 -O eixo, por ser um componente el^^e1stico, pode 
defletir e causar o
 []


Underfull \vbox (badness 10000) has occurred while \output is active []

 [21]

LaTeX Warning: `h' float specifier changed to `ht'.


Underfull \vbox (badness 10000) has occurred while \output is active []

 [22]
Underfull \vbox (badness 10000) has occurred while \output is active []

 [23]
Underfull \hbox (badness 2662) in paragraph at lines 980--986
[]\T1/Serif/bold/upright/12 Longas ondula^^e7^^f5es\T1/Serif/medium/upright/12 
: Varia^^e7^^f5es de altura do perfil da estrada onde o
 []


Underfull \vbox (badness 3780) has occurred while \output is active []

 [24]
Underfull \hbox (badness 1205) in paragraph at lines 993--998
[]\T1/Serif/bold/upright/12 Descontinuidades\T1/Serif/medium/upright/12 : Varia
^^e7^^f5es cont^^ednuas do perfil da pista em dimens^^f5es
 []


Underfull \vbox (badness 10000) has occurred while \output is active []

 [25]
[26]
Underfull \hbox (badness 1009) in paragraph at lines 1052--1060
\T1/Serif/medium/upright/12 que diminui com a frequ^^eancia na segunda ou quart
a ordem. Os modelos,
 []


Underfull \vbox (badness 10000) has occurred while \output is active []

 [27]

LaTeX Warning: `h' float specifier changed to `ht'.


Underfull \vbox (badness 10000) has occurred while \output is active []

 [28]
Underfull \vbox (badness 10000) has occurred while \output is active []

 [29]
[30]
Underfull \vbox (badness 10000) has occurred while \output is active []

 [31]
Underfull \vbox (badness 10000) has occurred while \output is active []

 [32]

LaTeX Warning: `h' float specifier changed to `ht'.


Underfull \vbox (badness 1253) has occurred while \output is active []

 [33]
Overfull \hbox (51.70567pt too wide) in alignment at lines 1351--1356
 [][][] []
 []


Underfull \vbox (badness 10000) has occurred while \output is active []

 [34]
Overfull \hbox (12.20166pt too wide) detected at line 1411
[][]
 []

[35]
Underfull \vbox (badness 10000) has occurred while \output is active []

 [36]
[37]

LaTeX Warning: `h' float specifier changed to `ht'.


Underfull \vbox (badness 10000) has occurred while \output is active []

 [38]
Underfull \vbox (badness 6016) has occurred while \output is active []

 [39]

LaTeX Warning: `h' float specifier changed to `ht'.


Underfull \hbox (badness 1946) in paragraph at lines 1616--1624
[]\T1/Serif/medium/upright/12 O gr^^e1fico \T1/Serif/medium/upright/10 3.17[]\T
1/Serif/medium/upright/12 , a seguir, apresenta o ganho da carroceria, em termo
s de
 []


LaTeX Warning: `h' float specifier changed to `ht'.


Underfull \vbox (badness 1253) has occurred while \output is active []

 [40]
Underfull \vbox (badness 10000) has occurred while \output is active []

 [41]
Underfull \vbox (badness 10000) has occurred while \output is active []

 [42]
Underfull \vbox (badness 10000) has occurred while \output is active []

 [43]
Underfull \hbox (badness 1087) in paragraph at lines 1739--1739
[]   [] \T1/Serif/medium/upright/10 3.18-Influ^^eancia da rigidez da suspens^^e
3o na resposta da carroceira as acelera^^e7^^f5es devido as
 []


Underfull \vbox (badness 10000) has occurred while \output is active []

 [44]
Underfull \vbox (badness 10000) has occurred while \output is active []

 [45]
Underfull \hbox (badness 1365) in paragraph at lines 1809--1817
\T1/Serif/medium/upright/12 pois geralmente s^^e3o considerados desagrad^^e1vei
s e s^^e3o as fontes b^^e1sicas de
 []

[46]

LaTeX Warning: `h' float specifier changed to `ht'.


Underfull \vbox (badness 1424) has occurred while \output is active []

 [47]
[48]
Overfull \hbox (2.7859pt too wide) detected at line 1944
\OT1/cmr/m/n/12 + [] [] =
 []


Underfull \vbox (badness 1383) has occurred while \output is active []

 [49]
Overfull \hbox (21.72574pt too wide) in alignment at lines 2061--2072
 [][][] []
 []


Underfull \vbox (badness 4608) has occurred while \output is active []

 [50]
[51]
Underfull \vbox (badness 10000) has occurred while \output is active []

 [52]
Underfull \hbox (badness 1484) in paragraph at lines 2187--2198
\T1/Serif/medium/upright/12 que se opoem aos movimentos de ''pitch'' esse modo 
pode ser controlado
 []


Underfull \vbox (badness 10000) has occurred while \output is active []

 [53]
Underfull \vbox (badness 10000) has occurred while \output is active []

 [54]
Underfull \vbox (badness 10000) has occurred while \output is active []

 [55]
Underfull \vbox (badness 10000) has occurred while \output is active []

 [56]
Underfull \vbox (badness 10000) has occurred while \output is active []

 [57]

LaTeX Warning: `h' float specifier changed to `ht'.

[58]
Underfull \hbox (badness 10000) in paragraph at lines 2376--2376
[][]   [] \T1/Serif/bold/upright/20 Cap^^ed-tulo 4
 []


Underfull \vbox (badness 10000) has occurred while \output is active []

 [59]
Underfull \vbox (badness 2762) has occurred while \output is active []

 [60]
Underfull \hbox (badness 2050) in paragraph at lines 2448--2449
[]\T1/Serif/medium/italic/12 Como exemplo, seja uma estrutura cuja resposta ^^e
9 governada por um
 []


Underfull \hbox (badness 10000) in paragraph at lines 2464--2465
[]\T1/Serif/medium/italic/12 3. o princ^^edpio de superposi^^e7^^e3o ^^e9 v^^e1
lido.
 []


Underfull \vbox (badness 10000) has occurred while \output is active []

 [61]
[62]
Underfull \vbox (badness 10000) has occurred while \output is active []

 [63]
[64] [65] [66] [67] [68]
Underfull \hbox (badness 10000) in paragraph at lines 2746--2746
[][]   [] \T1/Serif/bold/upright/20 Cap^^ed-tulo 5
 []

[69] [70]
Underfull \hbox (badness 10000) in paragraph at lines 2748--2748
[][]   [] \T1/Serif/bold/upright/20 Cap^^ed-tulo 6
 []

[71]
Overfull \hbox (112.95375pt too wide) detected at line 2811
[][][]
 []


LaTeX Warning: `h' float specifier changed to `ht'.


LaTeX Warning: `h' float specifier changed to `ht'.


LaTeX Warning: `h' float specifier changed to `ht'.


LaTeX Warning: `h' float specifier changed to `ht'.

[72]
Overfull \hbox (7.39987pt too wide) in paragraph at lines 2913--2913
 [] 
 []


Underfull \vbox (badness 10000) has occurred while \output is active []

 [73]

LaTeX Warning: `h' float specifier changed to `ht'.


Overfull \hbox (7.39987pt too wide) in paragraph at lines 2922--2922
 [] 
 []


LaTeX Warning: `h' float specifier changed to `ht'.


Overfull \hbox (7.39987pt too wide) in paragraph at lines 2931--2931
 [] 
 []


LaTeX Warning: `h' float specifier changed to `ht'.


Overfull \hbox (20.2712pt too wide) in paragraph at lines 2940--2940
 [] 
 []


LaTeX Warning: `h' float specifier changed to `ht'.

[74]
Underfull \hbox (badness 10000) in paragraph at lines 2946--2946
[][]   [] \T1/Serif/bold/upright/20 Cap^^ed-tulo 7
 []

[75] [76] [77] [78] [79] [80] [81] [82] [83] [84]
Underfull \vbox (badness 10000) has occurred while \output is active []

 [85

]
Underfull \vbox (badness 10000) has occurred while \output is active []

 [86]
Underfull \vbox (badness 10000) has occurred while \output is active []

 [87]
Underfull \vbox (badness 10000) has occurred while \output is active []

 [88]
Underfull \vbox (badness 10000) has occurred while \output is active []

 [89]
Underfull \vbox (badness 10000) has occurred while \output is active []

 [90]
Underfull \vbox (badness 10000) has occurred while \output is active []

 [91]
Underfull \vbox (badness 10000) has occurred while \output is active []

 [92]
Underfull \vbox (badness 10000) has occurred while \output is active []

 [93]
Underfull \vbox (badness 10000) has occurred while \output is active []

 [94]
[95] [96]
Underfull \vbox (badness 10000) has occurred while \output is active []

 [97]
[98] (.\Sep08.aux)

LaTeX Warning: There were undefined references.


LaTeX Warning: There were multiply-defined labels.

 )
Here is how much of TeX's memory you used:
3330 strings out of 25902
37012 string characters out of 248789
122813 words of memory out of 262141
6214 multiletter control sequences out of 20000
30702 words of font info for 62 fonts, out of 300000 for 255
14 hyphenation exceptions out of 607
30i,17n,29p,638b,367s stack positions out of 300i,40n,60p,5000b,10000s

Output written on Sep08.dvi (104 pages, 229024 bytes).
